\BOOKMARK [1][-]{section.1}{Introduction}{}% 1
\BOOKMARK [1][-]{section.2}{Background}{}% 2
\BOOKMARK [2][-]{subsection.2.1}{Scalability Limits}{section.2}% 3
\BOOKMARK [2][-]{subsection.2.2}{Availability Under Network Partition}{section.2}% 4
\BOOKMARK [2][-]{subsection.2.3}{Complexity}{section.2}% 5
\BOOKMARK [2][-]{subsection.2.4}{Existing P2P Filesystems}{section.2}% 6
\BOOKMARK [1][-]{section.3}{Design and Implementation}{}% 7
\BOOKMARK [2][-]{subsection.3.1}{Log}{section.3}% 8
\BOOKMARK [2][-]{subsection.3.2}{View}{section.3}% 9
\BOOKMARK [2][-]{subsection.3.3}{Network}{section.3}% 10
\BOOKMARK [3][-]{subsubsection.3.3.1}{Gossip Protocol}{subsection.3.3}% 11
\BOOKMARK [3][-]{subsubsection.3.3.2}{Synchronization Protocol}{subsection.3.3}% 12
\BOOKMARK [2][-]{subsection.3.4}{Filesystem}{section.3}% 13
\BOOKMARK [3][-]{subsubsection.3.4.1}{Handlers}{subsection.3.4}% 14
\BOOKMARK [2][-]{subsection.3.5}{Modules Overview}{section.3}% 15
\BOOKMARK [3][-]{subsubsection.3.5.1}{CLI Commands}{subsection.3.5}% 16
\BOOKMARK [1][-]{section.4}{Practical Overview}{}% 17
\BOOKMARK [1][-]{section.5}{Evaluation}{}% 18
\BOOKMARK [2][-]{subsection.5.1}{Network Evaluation}{section.5}% 19
\BOOKMARK [3][-]{subsubsection.5.1.1}{Prelude: Parametrization}{subsection.5.1}% 20
\BOOKMARK [3][-]{subsubsection.5.1.2}{Delay Effects}{subsection.5.1}% 21
\BOOKMARK [3][-]{subsubsection.5.1.3}{Packet Loss Effects}{subsection.5.1}% 22
\BOOKMARK [3][-]{subsubsection.5.1.4}{Bandwidth Limitations Effects}{subsection.5.1}% 23
\BOOKMARK [3][-]{subsubsection.5.1.5}{BaseFS Under Community-Lab}{subsection.5.1}% 24
\BOOKMARK [2][-]{subsection.5.2}{File Operations Performance}{section.5}% 25
\BOOKMARK [3][-]{subsubsection.5.2.1}{Read Performance}{subsection.5.2}% 26
\BOOKMARK [3][-]{subsubsection.5.2.2}{Write Performance}{subsection.5.2}% 27
\BOOKMARK [1][-]{section.6}{Conclusions and Future Work}{}% 28
\BOOKMARK [1][-]{section.7}{Acknowledgments}{}% 29
\BOOKMARK [1][-]{section.8}{References}{}% 30
